<?xml version="1.0" encoding="UTF-8"?>
<!-- Generated by org.testng.reporters.JUnitReportReporter -->
<testsuite skipped="0" hostname="Lenovo-PC" name="restAssuredTests.GET_Request" tests="1" failures="0" timestamp="13 May 2020 14:11:44 GMT" time="2.975" errors="0">
  <testcase name="doGet" time="2.975" classname="restAssuredTests.GET_Request"/>
</testsuite> <!-- restAssuredTests.GET_Request -->
