<?xml version="1.0" encoding="UTF-8"?>
<!-- Generated by org.testng.reporters.JUnitReportReporter -->
<testsuite skipped="0" hostname="Lenovo-PC" name="restAssuredTests.PUT_Request" tests="1" failures="0" timestamp="13 May 2020 14:11:17 GMT" time="4.227" errors="0">
  <testcase name="doPut" time="4.227" classname="restAssuredTests.PUT_Request"/>
</testsuite> <!-- restAssuredTests.PUT_Request -->
