<?xml version="1.0" encoding="UTF-8"?>
<!-- Generated by org.testng.reporters.JUnitReportReporter -->
<testsuite skipped="0" hostname="Lenovo-PC" name="restAssuredTests.POST_Request" tests="1" failures="0" timestamp="13 May 2020 14:12:41 GMT" time="3.978" errors="0">
  <testcase name="doPost" time="3.978" classname="restAssuredTests.POST_Request"/>
</testsuite> <!-- restAssuredTests.POST_Request -->
